  Plot2DViewer.cpp
C:\Users\khrip\source\repos\кглаба1\Plot2DViewer\Camera2D.h(16,36): warning C4244: return: преобразование "double" в "int", возможна потеря данных
C:\Users\khrip\source\repos\кглаба1\Plot2DViewer\Camera2D.h(20,36): warning C4244: return: преобразование "double" в "int", возможна потеря данных
C:\Users\khrip\source\repos\кглаба1\Plot2DViewer\Camera2D.h(50,134): warning C4244: инициализация: преобразование "double" в "int", возможна потеря данных
C:\Users\khrip\source\repos\кглаба1\Plot2DViewer\Camera2D.h(50,128): warning C4244: инициализация: преобразование "double" в "int", возможна потеря данных
C:\Users\khrip\source\repos\кглаба1\Plot2DViewer\Camera2D.h(89,7): warning C4244: =: преобразование "double" в "int", возможна потеря данных
C:\Users\khrip\source\repos\кглаба1\Plot2DViewer\Camera2D.h(90,7): warning C4244: =: преобразование "double" в "int", возможна потеря данных
C:\Users\khrip\source\repos\кглаба1\Plot2DViewer\Camera2D.h(65,60): warning C4101: _px: неиспользованная локальная переменная
C:\Users\khrip\source\repos\кглаба1\Plot2DViewer\Camera2D.h(165,17): warning C4244: аргумент: преобразование "double" в "int", возможна потеря данных
C:\Users\khrip\source\repos\кглаба1\Plot2DViewer\Camera2D.h(166,15): warning C4244: аргумент: преобразование "double" в "int", возможна потеря данных
C:\Users\khrip\source\repos\кглаба1\Plot2DViewer\Camera2D.h(174,17): warning C4244: аргумент: преобразование "double" в "int", возможна потеря данных
C:\Users\khrip\source\repos\кглаба1\Plot2DViewer\Camera2D.h(175,15): warning C4244: аргумент: преобразование "double" в "int", возможна потеря данных
C:\Users\khrip\source\repos\кглаба1\Plot2DViewer\Camera2D.h(182,20): warning C4244: аргумент: преобразование "double" в "int", возможна потеря данных
C:\Users\khrip\source\repos\кглаба1\Plot2DViewer\Camera2D.h(183,24): warning C4244: аргумент: преобразование "double" в "int", возможна потеря данных
C:\Users\khrip\source\repos\кглаба1\Plot2DViewer\Camera2D.h(189,20): warning C4244: аргумент: преобразование "double" в "int", возможна потеря данных
C:\Users\khrip\source\repos\кглаба1\Plot2DViewer\Camera2D.h(190,24): warning C4244: аргумент: преобразование "double" в "int", возможна потеря данных
C:\Users\khrip\source\repos\кглаба1\Plot2DViewer\Camera2D.h(198,16): warning C4244: аргумент: преобразование "double" в "int", возможна потеря данных
C:\Users\khrip\source\repos\кглаба1\Plot2DViewer\Camera2D.h(199,14): warning C4244: аргумент: преобразование "double" в "int", возможна потеря данных
C:\Users\khrip\source\repos\кглаба1\Plot2DViewer\Camera2D.h(200,19): warning C4244: аргумент: преобразование "double" в "int", возможна потеря данных
C:\Users\khrip\source\repos\кглаба1\Plot2DViewer\Camera2D.h(201,23): warning C4244: аргумент: преобразование "double" в "int", возможна потеря данных
C:\Users\khrip\source\repos\кглаба1\Plot2DViewer\Model2D.h(38,27): warning C4018: <: несоответствие типов со знаком и без знака
C:\Users\khrip\source\repos\кглаба1\Plot2DViewer\Model2D.h(54,21): warning C4018: <: несоответствие типов со знаком и без знака
C:\Users\khrip\source\repos\кглаба1\Plot2DViewer\Model2D.h(56,25): warning C4018: <: несоответствие типов со знаком и без знака
C:\Users\khrip\source\repos\кглаба1\Plot2DViewer\Model2D.h(64,25): warning C4018: <: несоответствие типов со знаком и без знака
C:\Users\khrip\source\repos\кглаба1\Plot2DViewer\Model2D.h(99,31): warning C4018: <: несоответствие типов со знаком и без знака
C:\Users\khrip\source\repos\кглаба1\Plot2DViewer\Model2D.h(116,23): warning C4018: <: несоответствие типов со знаком и без знака
C:\Users\khrip\source\repos\кглаба1\Plot2DViewer\Model2D.h(118,27): warning C4018: <: несоответствие типов со знаком и без знака
C:\Users\khrip\source\repos\кглаба1\Plot2DViewer\Model2D.h(126,27): warning C4018: <: несоответствие типов со знаком и без знака
C:\Users\khrip\source\repos\кглаба1\Plot2DViewer\Scene2D.h(149,64): warning C4244: аргумент: преобразование "Cell" в "int", возможна потеря данных
          with
          [
              Cell=double
          ]
C:\Users\khrip\source\repos\кглаба1\Plot2DViewer\Scene2D.h(150,64): warning C4244: аргумент: преобразование "Cell" в "int", возможна потеря данных
          with
          [
              Cell=double
          ]
C:\Users\khrip\source\repos\кглаба1\Plot2DViewer\Scene2D.h(152,63): warning C4244: аргумент: преобразование "Cell" в "int", возможна потеря данных
          with
          [
              Cell=double
          ]
C:\Users\khrip\source\repos\кглаба1\Plot2DViewer\Scene2D.h(153,63): warning C4244: аргумент: преобразование "Cell" в "int", возможна потеря данных
          with
          [
              Cell=double
          ]
  Plot2DViewer.vcxproj -> C:\Users\khrip\source\repos\кглаба1\Debug\Plot2DViewer.exe
